build/app/intermediates/manifest_merge_blame_file/debug/processDebugMainManifest/manifest-merger-blame-debug-report.txt
1<?xml version="1.0" encoding="utf-8"?>
2<manifest xmlns:android="http://schemas.android.com/apk/res/android"
3    package="phinhung.come.doan"
4    android:versionCode="1"
5    android:versionName="1.0.0" >
6
7    <uses-sdk
8        android:minSdkVersion="21"
9        android:targetSdkVersion="35" />
10    <!--
11         The INTERNET permission is required for development. Specifically,
12         the Flutter tool needs it to communicate with the running application
13         to allow setting breakpoints, to provide hot reload, etc.
14    -->
15    <uses-permission android:name="android.permission.INTERNET" />
15-->src\debug\AndroidManifest.xml:6:5-66
15-->src\debug\AndroidManifest.xml:6:22-64
16    <uses-permission
16-->src\main\AndroidManifest.xml:2:5-79
17        android:name="android.permission.READ_EXTERNAL_STORAGE"
17-->src\main\AndroidManifest.xml:2:22-77
18        android:maxSdkVersion="32" />
18-->[:open_filex] AndroidManifest.xml:10:9-35
19    <uses-permission android:name="android.permission.WRITE_EXTERNAL_STORAGE" />
19-->src\main\AndroidManifest.xml:3:5-80
19-->src\main\AndroidManifest.xml:3:22-78
20    <uses-permission android:name="android.permission.CAMERA" />
20-->src\main\AndroidManifest.xml:4:5-64
20-->src\main\AndroidManifest.xml:4:22-62
21    <uses-permission android:name="android.permission.READ_MEDIA_IMAGES" />
21-->src\main\AndroidManifest.xml:5:5-75
21-->src\main\AndroidManifest.xml:5:22-73
22    <!--
23 Required to query activities that can process text, see:
24         https://developer.android.com/training/package-visibility and
25         https://developer.android.com/reference/android/content/Intent#ACTION_PROCESS_TEXT.
26
27         In particular, this is used by the Flutter engine in io.flutter.plugin.text.ProcessTextPlugin.
28    -->
29    <queries>
29-->src\main\AndroidManifest.xml:43:5-48:15
30        <intent>
30-->src\main\AndroidManifest.xml:44:9-47:18
31            <action android:name="android.intent.action.PROCESS_TEXT" />
31-->src\main\AndroidManifest.xml:45:13-72
31-->src\main\AndroidManifest.xml:45:21-70
32
33            <data android:mimeType="text/plain" />
33-->src\main\AndroidManifest.xml:46:13-50
33-->src\main\AndroidManifest.xml:46:19-48
34        </intent>
35    </queries>
36
37    <uses-permission android:name="android.permission.READ_MEDIA_VIDEO" />
37-->[:open_filex] AndroidManifest.xml:12:5-75
37-->[:open_filex] AndroidManifest.xml:12:22-72
38    <uses-permission android:name="android.permission.READ_MEDIA_AUDIO" />
38-->[:open_filex] AndroidManifest.xml:13:5-75
38-->[:open_filex] AndroidManifest.xml:13:22-72
39
40    <permission
40-->[androidx.core:core:1.13.1] AndroidManifest.xml:22:5-24:47
41        android:name="phinhung.come.doan.DYNAMIC_RECEIVER_NOT_EXPORTED_PERMISSION"
41-->[androidx.core:core:1.13.1] AndroidManifest.xml:23:9-81
42        android:protectionLevel="signature" />
42-->[androidx.core:core:1.13.1] AndroidManifest.xml:24:9-44
43
44    <uses-permission android:name="phinhung.come.doan.DYNAMIC_RECEIVER_NOT_EXPORTED_PERMISSION" />
44-->[androidx.core:core:1.13.1] AndroidManifest.xml:26:5-97
44-->[androidx.core:core:1.13.1] AndroidManifest.xml:26:22-94
45
46    <application
47        android:name="android.app.Application"
48        android:appComponentFactory="androidx.core.app.CoreComponentFactory"
48-->[androidx.core:core:1.13.1] AndroidManifest.xml:28:18-86
49        android:debuggable="true"
50        android:extractNativeLibs="true"
51        android:icon="@mipmap/ic_launcher"
52        android:label="doan" >
53        <activity
54            android:name="phinhung.come.doan.MainActivity"
55            android:configChanges="orientation|keyboardHidden|keyboard|screenSize|smallestScreenSize|locale|layoutDirection|fontScale|screenLayout|density|uiMode"
56            android:exported="true"
57            android:hardwareAccelerated="true"
58            android:launchMode="singleTop"
59            android:taskAffinity=""
60            android:theme="@style/LaunchTheme"
61            android:windowSoftInputMode="adjustResize" >
62
63            <!--
64                 Specifies an Android theme to apply to this Activity as soon as
65                 the Android process has started. This theme is visible to the user
66                 while the Flutter UI initializes. After that, this theme continues
67                 to determine the Window background behind the Flutter UI.
68            -->
69            <meta-data
70                android:name="io.flutter.embedding.android.NormalTheme"
71                android:resource="@style/NormalTheme" />
72
73            <intent-filter>
74                <action android:name="android.intent.action.MAIN" />
75
76                <category android:name="android.intent.category.LAUNCHER" />
77            </intent-filter>
78        </activity>
79        <!--
80             Don't delete the meta-data below.
81             This is used by the Flutter tool to generate GeneratedPluginRegistrant.java
82        -->
83        <meta-data
84            android:name="flutterEmbedding"
85            android:value="2" />
86
87        <provider
87-->[:image_picker_android] AndroidManifest.xml:9:9-17:20
88            android:name="io.flutter.plugins.imagepicker.ImagePickerFileProvider"
88-->[:image_picker_android] AndroidManifest.xml:10:13-82
89            android:authorities="phinhung.come.doan.flutter.image_provider"
89-->[:image_picker_android] AndroidManifest.xml:11:13-74
90            android:exported="false"
90-->[:image_picker_android] AndroidManifest.xml:12:13-37
91            android:grantUriPermissions="true" >
91-->[:image_picker_android] AndroidManifest.xml:13:13-47
92            <meta-data
92-->[:image_picker_android] AndroidManifest.xml:14:13-16:75
93                android:name="android.support.FILE_PROVIDER_PATHS"
93-->[:image_picker_android] AndroidManifest.xml:15:17-67
94                android:resource="@xml/flutter_image_picker_file_paths" />
94-->[:image_picker_android] AndroidManifest.xml:16:17-72
95        </provider> <!-- Trigger Google Play services to install the backported photo picker module. -->
96        <service
96-->[:image_picker_android] AndroidManifest.xml:19:9-31:19
97            android:name="com.google.android.gms.metadata.ModuleDependencies"
97-->[:image_picker_android] AndroidManifest.xml:20:13-78
98            android:enabled="false"
98-->[:image_picker_android] AndroidManifest.xml:21:13-36
99            android:exported="false" >
99-->[:image_picker_android] AndroidManifest.xml:22:13-37
100            <intent-filter>
100-->[:image_picker_android] AndroidManifest.xml:24:13-26:29
101                <action android:name="com.google.android.gms.metadata.MODULE_DEPENDENCIES" />
101-->[:image_picker_android] AndroidManifest.xml:25:17-94
101-->[:image_picker_android] AndroidManifest.xml:25:25-91
102            </intent-filter>
103
104            <meta-data
104-->[:image_picker_android] AndroidManifest.xml:28:13-30:36
105                android:name="photopicker_activity:0:required"
105-->[:image_picker_android] AndroidManifest.xml:29:17-63
106                android:value="" />
106-->[:image_picker_android] AndroidManifest.xml:30:17-33
107        </service>
108
109        <provider
109-->[:open_filex] AndroidManifest.xml:16:9-25:20
110            android:name="com.crazecoder.openfile.FileProvider"
110-->[:open_filex] AndroidManifest.xml:17:13-64
111            android:authorities="phinhung.come.doan.fileProvider.com.crazecoder.openfile"
111-->[:open_filex] AndroidManifest.xml:18:13-88
112            android:exported="false"
112-->[:open_filex] AndroidManifest.xml:19:13-37
113            android:grantUriPermissions="true" >
113-->[:open_filex] AndroidManifest.xml:20:13-47
114            <meta-data
114-->[:image_picker_android] AndroidManifest.xml:14:13-16:75
115                android:name="android.support.FILE_PROVIDER_PATHS"
115-->[:image_picker_android] AndroidManifest.xml:15:17-67
116                android:resource="@xml/filepaths" />
116-->[:image_picker_android] AndroidManifest.xml:16:17-72
117        </provider>
118
119        <uses-library
119-->[androidx.window:window:1.2.0] AndroidManifest.xml:23:9-25:40
120            android:name="androidx.window.extensions"
120-->[androidx.window:window:1.2.0] AndroidManifest.xml:24:13-54
121            android:required="false" />
121-->[androidx.window:window:1.2.0] AndroidManifest.xml:25:13-37
122        <uses-library
122-->[androidx.window:window:1.2.0] AndroidManifest.xml:26:9-28:40
123            android:name="androidx.window.sidecar"
123-->[androidx.window:window:1.2.0] AndroidManifest.xml:27:13-51
124            android:required="false" />
124-->[androidx.window:window:1.2.0] AndroidManifest.xml:28:13-37
125
126        <provider
126-->[androidx.emoji2:emoji2:1.2.0] AndroidManifest.xml:24:9-32:20
127            android:name="androidx.startup.InitializationProvider"
127-->[androidx.emoji2:emoji2:1.2.0] AndroidManifest.xml:25:13-67
128            android:authorities="phinhung.come.doan.androidx-startup"
128-->[androidx.emoji2:emoji2:1.2.0] AndroidManifest.xml:26:13-68
129            android:exported="false" >
129-->[androidx.emoji2:emoji2:1.2.0] AndroidManifest.xml:27:13-37
130            <meta-data
130-->[androidx.emoji2:emoji2:1.2.0] AndroidManifest.xml:29:13-31:52
131                android:name="androidx.emoji2.text.EmojiCompatInitializer"
131-->[androidx.emoji2:emoji2:1.2.0] AndroidManifest.xml:30:17-75
132                android:value="androidx.startup" />
132-->[androidx.emoji2:emoji2:1.2.0] AndroidManifest.xml:31:17-49
133            <meta-data
133-->[androidx.lifecycle:lifecycle-process:2.7.0] AndroidManifest.xml:29:13-31:52
134                android:name="androidx.lifecycle.ProcessLifecycleInitializer"
134-->[androidx.lifecycle:lifecycle-process:2.7.0] AndroidManifest.xml:30:17-78
135                android:value="androidx.startup" />
135-->[androidx.lifecycle:lifecycle-process:2.7.0] AndroidManifest.xml:31:17-49
136            <meta-data
136-->[androidx.profileinstaller:profileinstaller:1.3.1] AndroidManifest.xml:29:13-31:52
137                android:name="androidx.profileinstaller.ProfileInstallerInitializer"
137-->[androidx.profileinstaller:profileinstaller:1.3.1] AndroidManifest.xml:30:17-85
138                android:value="androidx.startup" />
138-->[androidx.profileinstaller:profileinstaller:1.3.1] AndroidManifest.xml:31:17-49
139        </provider>
140
141        <receiver
141-->[androidx.profileinstaller:profileinstaller:1.3.1] AndroidManifest.xml:34:9-52:20
142            android:name="androidx.profileinstaller.ProfileInstallReceiver"
142-->[androidx.profileinstaller:profileinstaller:1.3.1] AndroidManifest.xml:35:13-76
143            android:directBootAware="false"
143-->[androidx.profileinstaller:profileinstaller:1.3.1] AndroidManifest.xml:36:13-44
144            android:enabled="true"
144-->[androidx.profileinstaller:profileinstaller:1.3.1] AndroidManifest.xml:37:13-35
145            android:exported="true"
145-->[androidx.profileinstaller:profileinstaller:1.3.1] AndroidManifest.xml:38:13-36
146            android:permission="android.permission.DUMP" >
146-->[androidx.profileinstaller:profileinstaller:1.3.1] AndroidManifest.xml:39:13-57
147            <intent-filter>
147-->[androidx.profileinstaller:profileinstaller:1.3.1] AndroidManifest.xml:40:13-42:29
148                <action android:name="androidx.profileinstaller.action.INSTALL_PROFILE" />
148-->[androidx.profileinstaller:profileinstaller:1.3.1] AndroidManifest.xml:41:17-91
148-->[androidx.profileinstaller:profileinstaller:1.3.1] AndroidManifest.xml:41:25-88
149            </intent-filter>
150            <intent-filter>
150-->[androidx.profileinstaller:profileinstaller:1.3.1] AndroidManifest.xml:43:13-45:29
151                <action android:name="androidx.profileinstaller.action.SKIP_FILE" />
151-->[androidx.profileinstaller:profileinstaller:1.3.1] AndroidManifest.xml:44:17-85
151-->[androidx.profileinstaller:profileinstaller:1.3.1] AndroidManifest.xml:44:25-82
152            </intent-filter>
153            <intent-filter>
153-->[androidx.profileinstaller:profileinstaller:1.3.1] AndroidManifest.xml:46:13-48:29
154                <action android:name="androidx.profileinstaller.action.SAVE_PROFILE" />
154-->[androidx.profileinstaller:profileinstaller:1.3.1] AndroidManifest.xml:47:17-88
154-->[androidx.profileinstaller:profileinstaller:1.3.1] AndroidManifest.xml:47:25-85
155            </intent-filter>
156            <intent-filter>
156-->[androidx.profileinstaller:profileinstaller:1.3.1] AndroidManifest.xml:49:13-51:29
157                <action android:name="androidx.profileinstaller.action.BENCHMARK_OPERATION" />
157-->[androidx.profileinstaller:profileinstaller:1.3.1] AndroidManifest.xml:50:17-95
157-->[androidx.profileinstaller:profileinstaller:1.3.1] AndroidManifest.xml:50:25-92
158            </intent-filter>
159        </receiver>
160    </application>
161
162</manifest>